2025-10-22 11:42:13,454 - alma_api - WARNING - Server error (attempt 1/3) for dg_1748620759: 500 - {"errorsExist":true,"errorList":{"error":[{"errorCode":"INTERNAL_SERVER_ERROR","errorMessage":"\nThe web server encountered an unexpected condition that prevented it from fulfilling the request. If the error persists, please use the unique tracking ID when reporting it.","trackingId":"E02-2210164213-ZWMR3-NPE138819518"}]}}
2025-10-22 11:42:14,640 - alma_api - WARNING - Server error (attempt 2/3) for dg_1748620759: 500 - {"errorsExist":true,"errorList":{"error":[{"errorCode":"INTERNAL_SERVER_ERROR","errorMessage":"\nThe web server encountered an unexpected condition that prevented it from fulfilling the request. If the error persists, please use the unique tracking ID when reporting it.","trackingId":"E02-2210164214-PIK7Z-NPE138819518"}]}}
2025-10-22 11:42:16,799 - alma_api - WARNING - Server error (attempt 3/3) for dg_1748620759: 500 - {"errorsExist":true,"errorList":{"error":[{"errorCode":"INTERNAL_SERVER_ERROR","errorMessage":"\nThe web server encountered an unexpected condition that prevented it from fulfilling the request. If the error persists, please use the unique tracking ID when reporting it.","trackingId":"E02-2210164216-IZXH5-NPE138819518"}]}}
2025-10-22 11:42:16,799 - alma_api - ERROR - Max retries reached for dg_1748620759
2025-10-22 11:42:16,801 - csv_processor - WARNING - Row 1: No MMS ID found for dg_1748620759
2025-10-22 11:42:17,462 - alma_api - WARNING - Server error (attempt 1/3) for dg_1748967370: 500 - {"errorsExist":true,"errorList":{"error":[{"errorCode":"INTERNAL_SERVER_ERROR","errorMessage":"\nThe web server encountered an unexpected condition that prevented it from fulfilling the request. If the error persists, please use the unique tracking ID when reporting it.","trackingId":"E02-2210164217-3FXST-NPE138819518"}]}}
2025-10-22 11:42:18,630 - alma_api - WARNING - Server error (attempt 2/3) for dg_1748967370: 500 - {"errorsExist":true,"errorList":{"error":[{"errorCode":"INTERNAL_SERVER_ERROR","errorMessage":"\nThe web server encountered an unexpected condition that prevented it from fulfilling the request. If the error persists, please use the unique tracking ID when reporting it.","trackingId":"E02-2210164218-AHP7P-NPE138819518"}]}}
2025-10-22 11:42:20,797 - alma_api - WARNING - Server error (attempt 3/3) for dg_1748967370: 500 - {"errorsExist":true,"errorList":{"error":[{"errorCode":"INTERNAL_SERVER_ERROR","errorMessage":"\nThe web server encountered an unexpected condition that prevented it from fulfilling the request. If the error persists, please use the unique tracking ID when reporting it.","trackingId":"E01-2210164220-IZXT6-NPE1415063643"}]}}
2025-10-22 11:42:20,798 - alma_api - ERROR - Max retries reached for dg_1748967370
2025-10-22 11:42:20,799 - csv_processor - WARNING - Row 2: No MMS ID found for dg_1748967370
2025-10-22 11:42:22,469 - alma_api - WARNING - Server error (attempt 1/3) for dg_1748967723: 500 - {"errorsExist":true,"errorList":{"error":[{"errorCode":"INTERNAL_SERVER_ERROR","errorMessage":"\nThe web server encountered an unexpected condition that prevented it from fulfilling the request. If the error persists, please use the unique tracking ID when reporting it.","trackingId":"E01-2210164222-MAJRJ-NPE1415063643"}]}}
2025-10-22 11:42:23,707 - alma_api - WARNING - Server error (attempt 2/3) for dg_1748967723: 500 - {"errorsExist":true,"errorList":{"error":[{"errorCode":"INTERNAL_SERVER_ERROR","errorMessage":"\nThe web server encountered an unexpected condition that prevented it from fulfilling the request. If the error persists, please use the unique tracking ID when reporting it.","trackingId":"E01-2210164223-5VN8R-NPE1415063643"}]}}
2025-10-22 11:42:25,930 - alma_api - WARNING - Server error (attempt 3/3) for dg_1748967723: 500 - {"errorsExist":true,"errorList":{"error":[{"errorCode":"INTERNAL_SERVER_ERROR","errorMessage":"\nThe web server encountered an unexpected condition that prevented it from fulfilling the request. If the error persists, please use the unique tracking ID when reporting it.","trackingId":"E02-2210164226-LBKY5-NPE138819518"}]}}
2025-10-22 11:42:25,930 - alma_api - ERROR - Max retries reached for dg_1748967723
2025-10-22 11:42:25,932 - csv_processor - WARNING - Row 3: No MMS ID found for dg_1748967723
2025-10-22 11:42:26,603 - alma_api - WARNING - Server error (attempt 1/3) for dg_1748968006: 500 - {"errorsExist":true,"errorList":{"error":[{"errorCode":"INTERNAL_SERVER_ERROR","errorMessage":"\nThe web server encountered an unexpected condition that prevented it from fulfilling the request. If the error persists, please use the unique tracking ID when reporting it.","trackingId":"E02-2210164226-LZLE7-NPE138819518"}]}}
2025-10-22 11:42:27,943 - alma_api - WARNING - Server error (attempt 2/3) for dg_1748968006: 500 - {"errorsExist":true,"errorList":{"error":[{"errorCode":"INTERNAL_SERVER_ERROR","errorMessage":"\nThe web server encountered an unexpected condition that prevented it from fulfilling the request. If the error persists, please use the unique tracking ID when reporting it.","trackingId":"E01-2210164227-1BYJ9-NPE1415063643"}]}}
2025-10-22 11:42:30,107 - alma_api - WARNING - Server error (attempt 3/3) for dg_1748968006: 500 - {"errorsExist":true,"errorList":{"error":[{"errorCode":"INTERNAL_SERVER_ERROR","errorMessage":"\nThe web server encountered an unexpected condition that prevented it from fulfilling the request. If the error persists, please use the unique tracking ID when reporting it.","trackingId":"E01-2210164230-KNQLF-NPE1415063643"}]}}
2025-10-22 11:42:30,107 - alma_api - ERROR - Max retries reached for dg_1748968006
2025-10-22 11:42:30,109 - csv_processor - WARNING - Row 4: No MMS ID found for dg_1748968006
2025-10-22 11:42:30,774 - alma_api - WARNING - Server error (attempt 1/3) for dg_1752694959: 500 - {"errorsExist":true,"errorList":{"error":[{"errorCode":"INTERNAL_SERVER_ERROR","errorMessage":"\nThe web server encountered an unexpected condition that prevented it from fulfilling the request. If the error persists, please use the unique tracking ID when reporting it.","trackingId":"E01-2210164230-8WHOP-NPE1415063643"}]}}
2025-10-22 11:42:31,935 - alma_api - WARNING - Server error (attempt 2/3) for dg_1752694959: 500 - {"errorsExist":true,"errorList":{"error":[{"errorCode":"INTERNAL_SERVER_ERROR","errorMessage":"\nThe web server encountered an unexpected condition that prevented it from fulfilling the request. If the error persists, please use the unique tracking ID when reporting it.","trackingId":"E01-2210164232-F1CRG-NPE1415063643"}]}}
2025-10-22 11:42:34,093 - alma_api - WARNING - Server error (attempt 3/3) for dg_1752694959: 500 - {"errorsExist":true,"errorList":{"error":[{"errorCode":"INTERNAL_SERVER_ERROR","errorMessage":"\nThe web server encountered an unexpected condition that prevented it from fulfilling the request. If the error persists, please use the unique tracking ID when reporting it.","trackingId":"E01-2210164234-QTBWT-NPE1415063643"}]}}
2025-10-22 11:42:34,093 - alma_api - ERROR - Max retries reached for dg_1752694959
2025-10-22 11:42:34,095 - csv_processor - WARNING - Row 5: No MMS ID found for dg_1752694959
2025-10-22 11:44:23,487 - alma_api - WARNING - Server error (attempt 1/3) for dg_1748620759: 500 - {"errorsExist":true,"errorList":{"error":[{"errorCode":"INTERNAL_SERVER_ERROR","errorMessage":"\nThe web server encountered an unexpected condition that prevented it from fulfilling the request. If the error persists, please use the unique tracking ID when reporting it.","trackingId":"E01-2210164423-4PHSP-NPE1415063643"}]}}
2025-10-22 11:44:24,641 - alma_api - WARNING - Server error (attempt 2/3) for dg_1748620759: 500 - {"errorsExist":true,"errorList":{"error":[{"errorCode":"INTERNAL_SERVER_ERROR","errorMessage":"\nThe web server encountered an unexpected condition that prevented it from fulfilling the request. If the error persists, please use the unique tracking ID when reporting it.","trackingId":"E01-2210164424-XSI2I-NPE1415063643"}]}}
2025-10-22 11:44:26,806 - alma_api - WARNING - Server error (attempt 3/3) for dg_1748620759: 500 - {"errorsExist":true,"errorList":{"error":[{"errorCode":"INTERNAL_SERVER_ERROR","errorMessage":"\nThe web server encountered an unexpected condition that prevented it from fulfilling the request. If the error persists, please use the unique tracking ID when reporting it.","trackingId":"E01-2210164426-TXONM-NPE1415063643"}]}}
2025-10-22 11:44:26,807 - alma_api - ERROR - Max retries reached for dg_1748620759
2025-10-22 11:44:26,808 - csv_processor - WARNING - Row 1: No MMS ID found for dg_1748620759
2025-10-22 11:44:27,466 - alma_api - WARNING - Server error (attempt 1/3) for dg_1748967370: 500 - {"errorsExist":true,"errorList":{"error":[{"errorCode":"INTERNAL_SERVER_ERROR","errorMessage":"\nThe web server encountered an unexpected condition that prevented it from fulfilling the request. If the error persists, please use the unique tracking ID when reporting it.","trackingId":"E01-2210164427-N8GPT-NPE1415063643"}]}}
2025-10-22 11:44:28,634 - alma_api - WARNING - Server error (attempt 2/3) for dg_1748967370: 500 - {"errorsExist":true,"errorList":{"error":[{"errorCode":"INTERNAL_SERVER_ERROR","errorMessage":"\nThe web server encountered an unexpected condition that prevented it from fulfilling the request. If the error persists, please use the unique tracking ID when reporting it.","trackingId":"E01-2210164428-WDVJF-NPE1415063643"}]}}
2025-10-22 11:44:31,029 - alma_api - WARNING - Server error (attempt 3/3) for dg_1748967370: 500 - {"errorsExist":true,"errorList":{"error":[{"errorCode":"INTERNAL_SERVER_ERROR","errorMessage":"\nThe web server encountered an unexpected condition that prevented it from fulfilling the request. If the error persists, please use the unique tracking ID when reporting it.","trackingId":"E01-2210164431-5KVFZ-NPE1415063643"}]}}
2025-10-22 11:44:31,029 - alma_api - ERROR - Max retries reached for dg_1748967370
2025-10-22 11:44:31,031 - csv_processor - WARNING - Row 2: No MMS ID found for dg_1748967370
2025-10-22 11:44:31,701 - alma_api - WARNING - Server error (attempt 1/3) for dg_1748967723: 500 - {"errorsExist":true,"errorList":{"error":[{"errorCode":"INTERNAL_SERVER_ERROR","errorMessage":"\nThe web server encountered an unexpected condition that prevented it from fulfilling the request. If the error persists, please use the unique tracking ID when reporting it.","trackingId":"E01-2210164431-PDPQK-NPE1415063643"}]}}
2025-10-22 11:44:32,892 - alma_api - WARNING - Server error (attempt 2/3) for dg_1748967723: 500 - {"errorsExist":true,"errorList":{"error":[{"errorCode":"INTERNAL_SERVER_ERROR","errorMessage":"\nThe web server encountered an unexpected condition that prevented it from fulfilling the request. If the error persists, please use the unique tracking ID when reporting it.","trackingId":"E02-2210164432-RTY3C-NPE138819518"}]}}
2025-10-22 11:44:35,079 - alma_api - WARNING - Server error (attempt 3/3) for dg_1748967723: 500 - {"errorsExist":true,"errorList":{"error":[{"errorCode":"INTERNAL_SERVER_ERROR","errorMessage":"\nThe web server encountered an unexpected condition that prevented it from fulfilling the request. If the error persists, please use the unique tracking ID when reporting it.","trackingId":"E01-2210164435-MOPYU-NPE1415063643"}]}}
2025-10-22 11:44:35,079 - alma_api - ERROR - Max retries reached for dg_1748967723
2025-10-22 11:44:35,080 - csv_processor - WARNING - Row 3: No MMS ID found for dg_1748967723
2025-10-22 11:44:35,746 - alma_api - WARNING - Server error (attempt 1/3) for dg_1748968006: 500 - {"errorsExist":true,"errorList":{"error":[{"errorCode":"INTERNAL_SERVER_ERROR","errorMessage":"\nThe web server encountered an unexpected condition that prevented it from fulfilling the request. If the error persists, please use the unique tracking ID when reporting it.","trackingId":"E01-2210164435-4GSRE-NPE1415063643"}]}}
2025-10-22 11:44:36,916 - alma_api - WARNING - Server error (attempt 2/3) for dg_1748968006: 500 - {"errorsExist":true,"errorList":{"error":[{"errorCode":"INTERNAL_SERVER_ERROR","errorMessage":"\nThe web server encountered an unexpected condition that prevented it from fulfilling the request. If the error persists, please use the unique tracking ID when reporting it.","trackingId":"E01-2210164436-U4TWT-NPE1415063643"}]}}
2025-10-22 11:44:39,101 - alma_api - WARNING - Server error (attempt 3/3) for dg_1748968006: 500 - {"errorsExist":true,"errorList":{"error":[{"errorCode":"INTERNAL_SERVER_ERROR","errorMessage":"\nThe web server encountered an unexpected condition that prevented it from fulfilling the request. If the error persists, please use the unique tracking ID when reporting it.","trackingId":"E01-2210164439-K5VKH-NPE1415063643"}]}}
2025-10-22 11:44:39,101 - alma_api - ERROR - Max retries reached for dg_1748968006
2025-10-22 11:44:39,102 - csv_processor - WARNING - Row 4: No MMS ID found for dg_1748968006
2025-10-22 11:44:39,797 - alma_api - WARNING - Server error (attempt 1/3) for dg_1752694959: 500 - {"errorsExist":true,"errorList":{"error":[{"errorCode":"INTERNAL_SERVER_ERROR","errorMessage":"\nThe web server encountered an unexpected condition that prevented it from fulfilling the request. If the error persists, please use the unique tracking ID when reporting it.","trackingId":"E01-2210164439-QVN8I-NPE1415063643"}]}}
2025-10-22 11:44:40,955 - alma_api - WARNING - Server error (attempt 2/3) for dg_1752694959: 500 - {"errorsExist":true,"errorList":{"error":[{"errorCode":"INTERNAL_SERVER_ERROR","errorMessage":"\nThe web server encountered an unexpected condition that prevented it from fulfilling the request. If the error persists, please use the unique tracking ID when reporting it.","trackingId":"E02-2210164441-HTAPZ-NPE138819518"}]}}
2025-10-22 11:44:43,110 - alma_api - WARNING - Server error (attempt 3/3) for dg_1752694959: 500 - {"errorsExist":true,"errorList":{"error":[{"errorCode":"INTERNAL_SERVER_ERROR","errorMessage":"\nThe web server encountered an unexpected condition that prevented it from fulfilling the request. If the error persists, please use the unique tracking ID when reporting it.","trackingId":"E01-2210164443-CAKOS-NPE1415063643"}]}}
2025-10-22 11:44:43,110 - alma_api - ERROR - Max retries reached for dg_1752694959
2025-10-22 11:44:43,111 - csv_processor - WARNING - Row 5: No MMS ID found for dg_1752694959
2025-10-22 11:48:51,604 - alma_api - WARNING - Server error (attempt 1/3) for dg_1748620759: 500 - {"errorsExist":true,"errorList":{"error":[{"errorCode":"INTERNAL_SERVER_ERROR","errorMessage":"\nThe web server encountered an unexpected condition that prevented it from fulfilling the request. If the error persists, please use the unique tracking ID when reporting it.","trackingId":"E02-2210164851-PDEAS-NPE138819518"}]}}
2025-10-22 11:48:52,789 - alma_api - WARNING - Server error (attempt 2/3) for dg_1748620759: 500 - {"errorsExist":true,"errorList":{"error":[{"errorCode":"INTERNAL_SERVER_ERROR","errorMessage":"\nThe web server encountered an unexpected condition that prevented it from fulfilling the request. If the error persists, please use the unique tracking ID when reporting it.","trackingId":"E01-2210164852-7GM0K-NPE1415063643"}]}}
2025-10-22 11:48:55,071 - alma_api - WARNING - Server error (attempt 3/3) for dg_1748620759: 500 - {"errorsExist":true,"errorList":{"error":[{"errorCode":"INTERNAL_SERVER_ERROR","errorMessage":"\nThe web server encountered an unexpected condition that prevented it from fulfilling the request. If the error persists, please use the unique tracking ID when reporting it.","trackingId":"E01-2210164855-97CVQ-NPE1415063643"}]}}
2025-10-22 11:48:55,071 - alma_api - ERROR - Max retries reached for dg_1748620759
2025-10-22 11:48:55,073 - csv_processor - WARNING - Row 1: No MMS ID found for dg_1748620759
2025-10-22 11:48:56,611 - alma_api - WARNING - Server error (attempt 1/3) for dg_1748967370: 500 - {"errorsExist":true,"errorList":{"error":[{"errorCode":"INTERNAL_SERVER_ERROR","errorMessage":"\nThe web server encountered an unexpected condition that prevented it from fulfilling the request. If the error persists, please use the unique tracking ID when reporting it.","trackingId":"E01-2210164856-2EAPA-NPE1415063643"}]}}
2025-10-22 11:48:57,771 - alma_api - WARNING - Server error (attempt 2/3) for dg_1748967370: 500 - {"errorsExist":true,"errorList":{"error":[{"errorCode":"INTERNAL_SERVER_ERROR","errorMessage":"\nThe web server encountered an unexpected condition that prevented it from fulfilling the request. If the error persists, please use the unique tracking ID when reporting it.","trackingId":"E02-2210164857-OBPLM-NPE138819518"}]}}
2025-10-22 11:48:59,925 - alma_api - WARNING - Server error (attempt 3/3) for dg_1748967370: 500 - {"errorsExist":true,"errorList":{"error":[{"errorCode":"INTERNAL_SERVER_ERROR","errorMessage":"\nThe web server encountered an unexpected condition that prevented it from fulfilling the request. If the error persists, please use the unique tracking ID when reporting it.","trackingId":"E01-2210164859-P8EUQ-NPE1415063643"}]}}
2025-10-22 11:48:59,925 - alma_api - ERROR - Max retries reached for dg_1748967370
2025-10-22 11:48:59,927 - csv_processor - WARNING - Row 2: No MMS ID found for dg_1748967370
2025-10-22 11:49:00,724 - alma_api - WARNING - Server error (attempt 1/3) for dg_1748967723: 500 - {"errorsExist":true,"errorList":{"error":[{"errorCode":"INTERNAL_SERVER_ERROR","errorMessage":"\nThe web server encountered an unexpected condition that prevented it from fulfilling the request. If the error persists, please use the unique tracking ID when reporting it.","trackingId":"E01-2210164900-OZHKV-NPE1415063643"}]}}
2025-10-22 11:49:02,178 - alma_api - WARNING - Server error (attempt 2/3) for dg_1748967723: 500 - {"errorsExist":true,"errorList":{"error":[{"errorCode":"INTERNAL_SERVER_ERROR","errorMessage":"\nThe web server encountered an unexpected condition that prevented it from fulfilling the request. If the error persists, please use the unique tracking ID when reporting it.","trackingId":"E01-2210164901-NLASG-NPE1415063643"}]}}
2025-10-22 11:49:04,361 - alma_api - WARNING - Server error (attempt 3/3) for dg_1748967723: 500 - {"errorsExist":true,"errorList":{"error":[{"errorCode":"INTERNAL_SERVER_ERROR","errorMessage":"\nThe web server encountered an unexpected condition that prevented it from fulfilling the request. If the error persists, please use the unique tracking ID when reporting it.","trackingId":"E01-2210164904-W6MGW-NPE1415063643"}]}}
2025-10-22 11:49:04,362 - alma_api - ERROR - Max retries reached for dg_1748967723
2025-10-22 11:49:04,363 - csv_processor - WARNING - Row 3: No MMS ID found for dg_1748967723
2025-10-22 11:49:05,025 - alma_api - WARNING - Server error (attempt 1/3) for dg_1748968006: 500 - {"errorsExist":true,"errorList":{"error":[{"errorCode":"INTERNAL_SERVER_ERROR","errorMessage":"\nThe web server encountered an unexpected condition that prevented it from fulfilling the request. If the error persists, please use the unique tracking ID when reporting it.","trackingId":"E02-2210164905-1KWS6-NPE138819518"}]}}
2025-10-22 11:49:06,196 - alma_api - WARNING - Server error (attempt 2/3) for dg_1748968006: 500 - {"errorsExist":true,"errorList":{"error":[{"errorCode":"INTERNAL_SERVER_ERROR","errorMessage":"\nThe web server encountered an unexpected condition that prevented it from fulfilling the request. If the error persists, please use the unique tracking ID when reporting it.","trackingId":"E02-2210164906-BJAS0-NPE138819518"}]}}
2025-10-22 11:49:08,361 - alma_api - WARNING - Server error (attempt 3/3) for dg_1748968006: 500 - {"errorsExist":true,"errorList":{"error":[{"errorCode":"INTERNAL_SERVER_ERROR","errorMessage":"\nThe web server encountered an unexpected condition that prevented it from fulfilling the request. If the error persists, please use the unique tracking ID when reporting it.","trackingId":"E02-2210164908-SGSLL-NPE138819518"}]}}
2025-10-22 11:49:08,361 - alma_api - ERROR - Max retries reached for dg_1748968006
2025-10-22 11:49:08,362 - csv_processor - WARNING - Row 4: No MMS ID found for dg_1748968006
2025-10-22 11:49:09,030 - alma_api - WARNING - Server error (attempt 1/3) for dg_1752694959: 500 - {"errorsExist":true,"errorList":{"error":[{"errorCode":"INTERNAL_SERVER_ERROR","errorMessage":"\nThe web server encountered an unexpected condition that prevented it from fulfilling the request. If the error persists, please use the unique tracking ID when reporting it.","trackingId":"E02-2210164909-Z5MZ4-NPE138819518"}]}}
2025-10-22 11:49:10,265 - alma_api - WARNING - Server error (attempt 2/3) for dg_1752694959: 500 - {"errorsExist":true,"errorList":{"error":[{"errorCode":"INTERNAL_SERVER_ERROR","errorMessage":"\nThe web server encountered an unexpected condition that prevented it from fulfilling the request. If the error persists, please use the unique tracking ID when reporting it.","trackingId":"E02-2210164910-GAIUQ-NPE138819518"}]}}
2025-10-22 11:49:12,434 - alma_api - WARNING - Server error (attempt 3/3) for dg_1752694959: 500 - {"errorsExist":true,"errorList":{"error":[{"errorCode":"INTERNAL_SERVER_ERROR","errorMessage":"\nThe web server encountered an unexpected condition that prevented it from fulfilling the request. If the error persists, please use the unique tracking ID when reporting it.","trackingId":"E02-2210164912-KH76R-NPE138819518"}]}}
2025-10-22 11:49:12,434 - alma_api - ERROR - Max retries reached for dg_1752694959
2025-10-22 11:49:12,435 - csv_processor - WARNING - Row 5: No MMS ID found for dg_1752694959
2025-10-22 11:54:00,235 - __main__ - INFO - Launching Flet application
2025-10-22 11:54:00,235 - flet - INFO - Assets path configured: /Users/mark/GitHub/alma-post-import-utilities/assets
2025-10-22 11:54:00,237 - flet - INFO - Starting up UDS server on /var/folders/kq/0mntlkfs4q53vf5dcns0f5th0000gn/T/e2imlYLNYO
2025-10-22 11:54:00,238 - flet - INFO - Flet app has started...
2025-10-22 11:54:00,241 - flet - INFO - App URL: /var/folders/kq/0mntlkfs4q53vf5dcns0f5th0000gn/T/e2imlYLNYO
2025-10-22 11:54:00,241 - flet_desktop - INFO - Starting Flet View app...
2025-10-22 11:54:00,241 - flet_desktop - INFO - Flet View found in: /Users/mark/.flet/bin/flet-0.28.2
2025-10-22 11:54:00,585 - flet - INFO - App session started
2025-10-22 11:54:00,585 - __main__ - INFO - Starting Alma Post-Import Utilities application
2025-10-22 11:54:16,455 - csv_processor - INFO - File selected: /Users/mark/Downloads/Photos For DG - Beaton_MS214 copy.csv
2025-10-22 11:54:17,730 - csv_processor - INFO - Starting CSV processing - File: /Users/mark/Downloads/Photos For DG - Beaton_MS214 copy.csv
2025-10-22 11:54:17,731 - csv_processor - INFO - Initializing Alma API client
2025-10-22 11:54:17,731 - alma_api - INFO - AlmaAPIClient initialized with base_url: https://api-na.hosted.exlibrisgroup.com
2025-10-22 11:54:17,731 - csv_processor - INFO - Setting up digital title lookup system
2025-10-22 11:54:17,731 - alma_api - INFO - Setting up digital title lookup (individual record approach)
2025-10-22 11:54:17,732 - alma_api - INFO - Created lookup CSV file: All_Digital_Titles.csv
2025-10-22 11:54:17,732 - alma_api - INFO - Note: Digital titles will be looked up individually during processing
2025-10-22 11:54:17,732 - csv_processor - INFO - Using individual lookup approach for MMS IDs
2025-10-22 11:54:17,733 - csv_processor - INFO - CSV file loaded - 5 rows, columns: ['originating_system_id', 'dc:title', 'dcterms:alternative', 'dc:relation', 'compoundrelationship', 'group_id', 'collection_id', 'dc:type', 'mms_id', 'file_name_1', 'dc:identifier', 'dcterms:identifier.dcterms:URI', 'dc:creator', 'dc:contributor', 'dcterms:tableOfContents', 'dc:subject', 'dcterms:subject.dcterms:LCSH', 'dc:description', 'dcterms:provenance', 'dcterms:bibliographicCitation', 'dcterms:abstract', 'dcterms:publisher', 'dc:date', 'dcterms:created', 'dcterms:issued', 'dcterms:dateSubmitted', 'dcterms:dateAccepted', 'dc:format', 'dcterms:extent', 'dcterms:medium', 'dcterms:format.dcterms:IMT', 'dcterms:type.dcterms:DCMIType', 'dc:language', 'dcterms:isPartOf', 'dc:coverage', 'dcterms:spatial', 'dcterms:spatial.dcterms:Point', 'dcterms:temporal', 'dc:rights', 'dc:source', 'bib custom field', 'rep_label', 'rep_public_note', 'rep_access_rights', 'rep_usage_type', 'rep_library', 'rep_note', 'rep_custom field', 'file_label_1', 'file_name_2', 'file_label_2', 'googlesheetsource', 'dginfo', 'oldalttitle']
2025-10-22 11:54:17,733 - csv_processor - INFO - Beginning processing of 5 rows
2025-10-22 11:54:17,733 - csv_processor - INFO - Note: Using individual API lookups with retry logic for server errors
2025-10-22 11:54:17,733 - csv_processor - INFO - Row 1: About to search for MMS ID for 'dg_1748620759'
2025-10-22 11:54:17,734 - alma_api - INFO - Starting search for originating_system_id: dg_1748620759
2025-10-22 11:54:17,734 - alma_api - INFO - Making API request (attempt 1/5) for dg_1748620759
2025-10-22 11:54:17,958 - alma_api - INFO - API response received - Status: 500
2025-10-22 11:54:17,958 - alma_api - WARNING - Server error (attempt 1/5) for dg_1748620759: 500 - {"errorsExist":true,"errorList":{"error":[{"errorCode":"INTERNAL_SERVER_ERROR","errorMessage":"\nThe web server encountered an unexpected condition that prevented it from fulfilling the request. If the error persists, please use the unique tracking ID when reporting it.","trackingId":"E02-2210165418-4CYFN-NPE138819518"}]}}
2025-10-22 11:54:17,958 - alma_api - INFO - Retrying in 2 seconds...
2025-10-22 11:54:19,959 - alma_api - INFO - Making API request (attempt 2/5) for dg_1748620759
2025-10-22 11:54:20,231 - alma_api - INFO - API response received - Status: 500
2025-10-22 11:54:20,231 - alma_api - WARNING - Server error (attempt 2/5) for dg_1748620759: 500 - {"errorsExist":true,"errorList":{"error":[{"errorCode":"INTERNAL_SERVER_ERROR","errorMessage":"\nThe web server encountered an unexpected condition that prevented it from fulfilling the request. If the error persists, please use the unique tracking ID when reporting it.","trackingId":"E02-2210165420-LLYAW-NPE138819518"}]}}
2025-10-22 11:54:20,231 - alma_api - INFO - Retrying in 4 seconds...
2025-10-22 11:54:24,232 - alma_api - INFO - Making API request (attempt 3/5) for dg_1748620759
2025-10-22 11:54:24,399 - alma_api - INFO - API response received - Status: 500
2025-10-22 11:54:24,409 - alma_api - WARNING - Server error (attempt 3/5) for dg_1748620759: 500 - {"errorsExist":true,"errorList":{"error":[{"errorCode":"INTERNAL_SERVER_ERROR","errorMessage":"\nThe web server encountered an unexpected condition that prevented it from fulfilling the request. If the error persists, please use the unique tracking ID when reporting it.","trackingId":"E02-2210165424-FEBKG-NPE138819518"}]}}
2025-10-22 11:54:24,409 - alma_api - INFO - Retrying in 8 seconds...
2025-10-22 11:54:32,434 - alma_api - INFO - Making API request (attempt 4/5) for dg_1748620759
2025-10-22 11:54:32,600 - alma_api - INFO - API response received - Status: 500
2025-10-22 11:54:32,601 - alma_api - WARNING - Server error (attempt 4/5) for dg_1748620759: 500 - {"errorsExist":true,"errorList":{"error":[{"errorCode":"INTERNAL_SERVER_ERROR","errorMessage":"\nThe web server encountered an unexpected condition that prevented it from fulfilling the request. If the error persists, please use the unique tracking ID when reporting it.","trackingId":"E02-2210165432-HDQGR-NPE138819518"}]}}
2025-10-22 11:54:32,601 - alma_api - INFO - Retrying in 16 seconds...
2025-10-22 11:54:48,605 - alma_api - INFO - Making API request (attempt 5/5) for dg_1748620759
2025-10-22 11:54:48,770 - alma_api - INFO - API response received - Status: 500
2025-10-22 11:54:48,771 - alma_api - WARNING - Server error (attempt 5/5) for dg_1748620759: 500 - {"errorsExist":true,"errorList":{"error":[{"errorCode":"INTERNAL_SERVER_ERROR","errorMessage":"\nThe web server encountered an unexpected condition that prevented it from fulfilling the request. If the error persists, please use the unique tracking ID when reporting it.","trackingId":"E01-2210165448-A58QI-NPE1415063643"}]}}
2025-10-22 11:54:48,771 - alma_api - ERROR - Max retries reached for dg_1748620759 (consecutive server errors: 1)
2025-10-22 11:54:48,772 - csv_processor - INFO - Row 1: API call completed for 'dg_1748620759', result: None
2025-10-22 11:54:48,772 - csv_processor - WARNING - Row 1: No MMS ID found for dg_1748620759
2025-10-22 11:54:49,273 - csv_processor - INFO - Row 2: About to search for MMS ID for 'dg_1748967370'
2025-10-22 11:54:49,274 - alma_api - INFO - Starting search for originating_system_id: dg_1748967370
2025-10-22 11:54:49,274 - alma_api - INFO - Making API request (attempt 1/5) for dg_1748967370
2025-10-22 11:54:49,446 - alma_api - INFO - API response received - Status: 500
2025-10-22 11:54:49,446 - alma_api - WARNING - Server error (attempt 1/5) for dg_1748967370: 500 - {"errorsExist":true,"errorList":{"error":[{"errorCode":"INTERNAL_SERVER_ERROR","errorMessage":"\nThe web server encountered an unexpected condition that prevented it from fulfilling the request. If the error persists, please use the unique tracking ID when reporting it.","trackingId":"E01-2210165449-7HLEY-NPE1415063643"}]}}
2025-10-22 11:54:49,446 - alma_api - INFO - Retrying in 2 seconds...
2025-10-22 11:54:51,448 - alma_api - INFO - Making API request (attempt 2/5) for dg_1748967370
2025-10-22 11:54:51,609 - alma_api - INFO - API response received - Status: 500
2025-10-22 11:54:51,609 - alma_api - WARNING - Server error (attempt 2/5) for dg_1748967370: 500 - {"errorsExist":true,"errorList":{"error":[{"errorCode":"INTERNAL_SERVER_ERROR","errorMessage":"\nThe web server encountered an unexpected condition that prevented it from fulfilling the request. If the error persists, please use the unique tracking ID when reporting it.","trackingId":"E01-2210165451-YMNYI-NPE1415063643"}]}}
2025-10-22 11:54:51,609 - alma_api - INFO - Retrying in 4 seconds...
2025-10-22 11:54:55,612 - alma_api - INFO - Making API request (attempt 3/5) for dg_1748967370
2025-10-22 11:54:55,771 - alma_api - INFO - API response received - Status: 500
2025-10-22 11:54:55,771 - alma_api - WARNING - Server error (attempt 3/5) for dg_1748967370: 500 - {"errorsExist":true,"errorList":{"error":[{"errorCode":"INTERNAL_SERVER_ERROR","errorMessage":"\nThe web server encountered an unexpected condition that prevented it from fulfilling the request. If the error persists, please use the unique tracking ID when reporting it.","trackingId":"E02-2210165455-RRZAE-NPE138819518"}]}}
2025-10-22 11:54:55,771 - alma_api - INFO - Retrying in 8 seconds...
2025-10-22 11:55:03,775 - alma_api - INFO - Making API request (attempt 4/5) for dg_1748967370
2025-10-22 11:55:03,941 - alma_api - INFO - API response received - Status: 500
2025-10-22 11:55:03,941 - alma_api - WARNING - Server error (attempt 4/5) for dg_1748967370: 500 - {"errorsExist":true,"errorList":{"error":[{"errorCode":"INTERNAL_SERVER_ERROR","errorMessage":"\nThe web server encountered an unexpected condition that prevented it from fulfilling the request. If the error persists, please use the unique tracking ID when reporting it.","trackingId":"E02-2210165504-8P5CB-NPE138819518"}]}}
2025-10-22 11:55:03,941 - alma_api - INFO - Retrying in 16 seconds...
2025-10-22 11:55:19,946 - alma_api - INFO - Making API request (attempt 5/5) for dg_1748967370
2025-10-22 11:55:20,142 - alma_api - INFO - API response received - Status: 500
2025-10-22 11:55:20,142 - alma_api - WARNING - Server error (attempt 5/5) for dg_1748967370: 500 - {"errorsExist":true,"errorList":{"error":[{"errorCode":"INTERNAL_SERVER_ERROR","errorMessage":"\nThe web server encountered an unexpected condition that prevented it from fulfilling the request. If the error persists, please use the unique tracking ID when reporting it.","trackingId":"E01-2210165520-9GN0X-NPE1415063643"}]}}
2025-10-22 11:55:20,142 - alma_api - ERROR - Max retries reached for dg_1748967370 (consecutive server errors: 2)
2025-10-22 11:55:20,144 - csv_processor - INFO - Row 2: API call completed for 'dg_1748967370', result: None
2025-10-22 11:55:20,144 - csv_processor - WARNING - Row 2: No MMS ID found for dg_1748967370
2025-10-22 11:55:20,647 - csv_processor - INFO - Row 3: About to search for MMS ID for 'dg_1748967723'
2025-10-22 11:55:20,647 - alma_api - INFO - Starting search for originating_system_id: dg_1748967723
2025-10-22 11:55:20,647 - alma_api - INFO - Making API request (attempt 1/5) for dg_1748967723
2025-10-22 11:55:21,775 - alma_api - INFO - API response received - Status: 500
2025-10-22 11:55:21,775 - alma_api - WARNING - Server error (attempt 1/5) for dg_1748967723: 500 - {"errorsExist":true,"errorList":{"error":[{"errorCode":"INTERNAL_SERVER_ERROR","errorMessage":"\nThe web server encountered an unexpected condition that prevented it from fulfilling the request. If the error persists, please use the unique tracking ID when reporting it.","trackingId":"E02-2210165521-QWD3L-NPE138819518"}]}}
2025-10-22 11:55:21,775 - alma_api - INFO - Retrying in 2 seconds...
2025-10-22 11:55:23,775 - alma_api - INFO - Making API request (attempt 2/5) for dg_1748967723
2025-10-22 11:55:23,938 - alma_api - INFO - API response received - Status: 500
2025-10-22 11:55:23,938 - alma_api - WARNING - Server error (attempt 2/5) for dg_1748967723: 500 - {"errorsExist":true,"errorList":{"error":[{"errorCode":"INTERNAL_SERVER_ERROR","errorMessage":"\nThe web server encountered an unexpected condition that prevented it from fulfilling the request. If the error persists, please use the unique tracking ID when reporting it.","trackingId":"E02-2210165524-AX6I0-NPE138819518"}]}}
2025-10-22 11:55:23,938 - alma_api - INFO - Retrying in 4 seconds...
2025-10-22 11:55:27,941 - alma_api - INFO - Making API request (attempt 3/5) for dg_1748967723
2025-10-22 11:55:28,126 - alma_api - INFO - API response received - Status: 500
2025-10-22 11:55:28,126 - alma_api - WARNING - Server error (attempt 3/5) for dg_1748967723: 500 - {"errorsExist":true,"errorList":{"error":[{"errorCode":"INTERNAL_SERVER_ERROR","errorMessage":"\nThe web server encountered an unexpected condition that prevented it from fulfilling the request. If the error persists, please use the unique tracking ID when reporting it.","trackingId":"E01-2210165528-BM6VV-NPE1415063643"}]}}
2025-10-22 11:55:28,126 - alma_api - INFO - Retrying in 8 seconds...
2025-10-22 11:55:36,131 - alma_api - INFO - Making API request (attempt 4/5) for dg_1748967723
2025-10-22 11:55:36,808 - alma_api - INFO - API response received - Status: 500
2025-10-22 11:55:36,808 - alma_api - WARNING - Server error (attempt 4/5) for dg_1748967723: 500 - {"errorsExist":true,"errorList":{"error":[{"errorCode":"INTERNAL_SERVER_ERROR","errorMessage":"\nThe web server encountered an unexpected condition that prevented it from fulfilling the request. If the error persists, please use the unique tracking ID when reporting it.","trackingId":"E01-2210165536-TWLG5-NPE1415063643"}]}}
2025-10-22 11:55:36,809 - alma_api - INFO - Retrying in 16 seconds...
2025-10-22 11:55:52,813 - alma_api - INFO - Making API request (attempt 5/5) for dg_1748967723
2025-10-22 11:55:53,051 - alma_api - INFO - API response received - Status: 500
2025-10-22 11:55:53,051 - alma_api - WARNING - Server error (attempt 5/5) for dg_1748967723: 500 - {"errorsExist":true,"errorList":{"error":[{"errorCode":"INTERNAL_SERVER_ERROR","errorMessage":"\nThe web server encountered an unexpected condition that prevented it from fulfilling the request. If the error persists, please use the unique tracking ID when reporting it.","trackingId":"E01-2210165553-O9L1F-NPE1415063643"}]}}
2025-10-22 11:55:53,051 - alma_api - ERROR - Max retries reached for dg_1748967723 (consecutive server errors: 3)
2025-10-22 11:55:53,051 - alma_api - ERROR - Alma API servers are experiencing widespread issues. Encountered 3 consecutive 500 Internal Server Errors. Terminating processing to avoid wasting time. Please try again later when Alma's servers have recovered.
2025-10-22 11:55:53,051 - alma_api - ERROR - Exception occurred querying Primo Search API for dg_1748967723: Alma API servers are experiencing widespread issues. Encountered 3 consecutive 500 Internal Server Errors. Terminating processing to avoid wasting time. Please try again later when Alma's servers have recovered.
2025-10-22 11:55:53,052 - alma_api - ERROR - Error querying Primo Search API for dg_1748967723: Alma API servers are experiencing widespread issues. Encountered 3 consecutive 500 Internal Server Errors. Terminating processing to avoid wasting time. Please try again later when Alma's servers have recovered.
Traceback (most recent call last):
  File "/Users/mark/GitHub/alma-post-import-utilities/alma_api.py", line 169, in get_mms_id_by_originating_system_id
    raise AlmaServerError(error_msg)
alma_api.AlmaServerError: Alma API servers are experiencing widespread issues. Encountered 3 consecutive 500 Internal Server Errors. Terminating processing to avoid wasting time. Please try again later when Alma's servers have recovered.
2025-10-22 11:55:53,056 - csv_processor - INFO - Row 3: API call completed for 'dg_1748967723', result: None
2025-10-22 11:55:53,056 - csv_processor - WARNING - Row 3: No MMS ID found for dg_1748967723
2025-10-22 11:55:53,558 - csv_processor - INFO - Row 4: About to search for MMS ID for 'dg_1748968006'
2025-10-22 11:55:53,559 - alma_api - INFO - Starting search for originating_system_id: dg_1748968006
2025-10-22 11:55:53,559 - alma_api - INFO - Making API request (attempt 1/5) for dg_1748968006
2025-10-22 11:55:53,732 - alma_api - INFO - API response received - Status: 500
2025-10-22 11:55:53,733 - alma_api - WARNING - Server error (attempt 1/5) for dg_1748968006: 500 - {"errorsExist":true,"errorList":{"error":[{"errorCode":"INTERNAL_SERVER_ERROR","errorMessage":"\nThe web server encountered an unexpected condition that prevented it from fulfilling the request. If the error persists, please use the unique tracking ID when reporting it.","trackingId":"E02-2210165553-WKPY9-NPE138819518"}]}}
2025-10-22 11:55:53,733 - alma_api - INFO - Retrying in 2 seconds...
2025-10-22 11:55:55,738 - alma_api - INFO - Making API request (attempt 2/5) for dg_1748968006
2025-10-22 11:55:57,711 - alma_api - INFO - API response received - Status: 500
2025-10-22 11:55:57,711 - alma_api - WARNING - Server error (attempt 2/5) for dg_1748968006: 500 - {"errorsExist":true,"errorList":{"error":[{"errorCode":"INTERNAL_SERVER_ERROR","errorMessage":"\nThe web server encountered an unexpected condition that prevented it from fulfilling the request. If the error persists, please use the unique tracking ID when reporting it.","trackingId":"E01-2210165557-LK34U-NPE1415063643"}]}}
2025-10-22 11:55:57,711 - alma_api - INFO - Retrying in 4 seconds...
2025-10-22 11:56:01,715 - alma_api - INFO - Making API request (attempt 3/5) for dg_1748968006
2025-10-22 11:56:01,881 - alma_api - INFO - API response received - Status: 500
2025-10-22 11:56:01,881 - alma_api - WARNING - Server error (attempt 3/5) for dg_1748968006: 500 - {"errorsExist":true,"errorList":{"error":[{"errorCode":"INTERNAL_SERVER_ERROR","errorMessage":"\nThe web server encountered an unexpected condition that prevented it from fulfilling the request. If the error persists, please use the unique tracking ID when reporting it.","trackingId":"E01-2210165601-DAVCO-NPE1415063643"}]}}
2025-10-22 11:56:01,881 - alma_api - INFO - Retrying in 8 seconds...
2025-10-22 11:56:09,884 - alma_api - INFO - Making API request (attempt 4/5) for dg_1748968006
2025-10-22 11:56:10,310 - alma_api - INFO - API response received - Status: 500
2025-10-22 11:56:10,310 - alma_api - WARNING - Server error (attempt 4/5) for dg_1748968006: 500 - {"errorsExist":true,"errorList":{"error":[{"errorCode":"INTERNAL_SERVER_ERROR","errorMessage":"\nThe web server encountered an unexpected condition that prevented it from fulfilling the request. If the error persists, please use the unique tracking ID when reporting it.","trackingId":"E01-2210165610-JTJPK-NPE1415063643"}]}}
2025-10-22 11:56:10,310 - alma_api - INFO - Retrying in 16 seconds...
2025-10-22 11:56:26,313 - alma_api - INFO - Making API request (attempt 5/5) for dg_1748968006
2025-10-22 11:56:26,504 - alma_api - INFO - API response received - Status: 500
2025-10-22 11:56:26,504 - alma_api - WARNING - Server error (attempt 5/5) for dg_1748968006: 500 - {"errorsExist":true,"errorList":{"error":[{"errorCode":"INTERNAL_SERVER_ERROR","errorMessage":"\nThe web server encountered an unexpected condition that prevented it from fulfilling the request. If the error persists, please use the unique tracking ID when reporting it.","trackingId":"E02-2210165626-DRKG0-NPE138819518"}]}}
2025-10-22 11:56:26,504 - alma_api - ERROR - Max retries reached for dg_1748968006 (consecutive server errors: 4)
2025-10-22 11:56:26,504 - alma_api - ERROR - Alma API servers are experiencing widespread issues. Encountered 4 consecutive 500 Internal Server Errors. Terminating processing to avoid wasting time. Please try again later when Alma's servers have recovered.
2025-10-22 11:56:26,504 - alma_api - ERROR - Exception occurred querying Primo Search API for dg_1748968006: Alma API servers are experiencing widespread issues. Encountered 4 consecutive 500 Internal Server Errors. Terminating processing to avoid wasting time. Please try again later when Alma's servers have recovered.
2025-10-22 11:56:26,504 - alma_api - ERROR - Error querying Primo Search API for dg_1748968006: Alma API servers are experiencing widespread issues. Encountered 4 consecutive 500 Internal Server Errors. Terminating processing to avoid wasting time. Please try again later when Alma's servers have recovered.
Traceback (most recent call last):
  File "/Users/mark/GitHub/alma-post-import-utilities/alma_api.py", line 169, in get_mms_id_by_originating_system_id
    raise AlmaServerError(error_msg)
alma_api.AlmaServerError: Alma API servers are experiencing widespread issues. Encountered 4 consecutive 500 Internal Server Errors. Terminating processing to avoid wasting time. Please try again later when Alma's servers have recovered.
2025-10-22 11:56:26,506 - csv_processor - INFO - Row 4: API call completed for 'dg_1748968006', result: None
2025-10-22 11:56:26,506 - csv_processor - WARNING - Row 4: No MMS ID found for dg_1748968006
2025-10-22 11:56:27,010 - csv_processor - ERROR - Error during CSV processing: Event loop is closed
Traceback (most recent call last):
  File "/Users/mark/GitHub/alma-post-import-utilities/csv_processor.py", line 141, in process_csv
    progress_text.current.update()
    ~~~~~~~~~~~~~~~~~~~~~~~~~~~~^^
  File "/Users/mark/GitHub/alma-post-import-utilities/.venv/lib/python3.13/site-packages/flet/core/control.py", line 328, in update
    self.__page.update(self)
    ~~~~~~~~~~~~~~~~~~^^^^^^
  File "/Users/mark/GitHub/alma-post-import-utilities/.venv/lib/python3.13/site-packages/flet/core/page.py", line 737, in update
    r = self.__update(*controls)
  File "/Users/mark/GitHub/alma-post-import-utilities/.venv/lib/python3.13/site-packages/flet/core/page.py", line 803, in __update
    results = self.__conn.send_commands(self._session_id, commands).results
              ~~~~~~~~~~~~~~~~~~~~~~~~~^^^^^^^^^^^^^^^^^^^^^^^^^^^^
  File "/Users/mark/GitHub/alma-post-import-utilities/.venv/lib/python3.13/site-packages/flet/flet_socket_server.py", line 172, in send_commands
    self.__send(ClientMessage(ClientActions.PAGE_CONTROLS_BATCH, messages))
    ~~~~~~~~~~~^^^^^^^^^^^^^^^^^^^^^^^^^^^^^^^^^^^^^^^^^^^^^^^^^^^^^^^^^^^^
  File "/Users/mark/GitHub/alma-post-import-utilities/.venv/lib/python3.13/site-packages/flet/flet_socket_server.py", line 178, in __send
    self.__loop.call_soon_threadsafe(self.__send_queue.put_nowait, j)
    ~~~~~~~~~~~~~~~~~~~~~~~~~~~~~~~~^^^^^^^^^^^^^^^^^^^^^^^^^^^^^^^^^
  File "/usr/local/Cellar/python@3.13/3.13.2/Frameworks/Python.framework/Versions/3.13/lib/python3.13/asyncio/base_events.py", line 878, in call_soon_threadsafe
    self._check_closed()
    ~~~~~~~~~~~~~~~~~~^^
  File "/usr/local/Cellar/python@3.13/3.13.2/Frameworks/Python.framework/Versions/3.13/lib/python3.13/asyncio/base_events.py", line 556, in _check_closed
    raise RuntimeError('Event loop is closed')
RuntimeError: Event loop is closed
